<?xml version="1.0" encoding="UTF-8"?>
<testng-results skipped="0" failed="0" ignored="0" total="1" passed="1">
  <reporter-output>
  </reporter-output>
  <suite name="Surefire suite" duration-ms="12867" started-at="2022-03-23T11:19:36 IST" finished-at="2022-03-23T11:19:49 IST">
    <groups>
      <group name="cucumber">
        <method signature="AbstractTestNGCucumberTests.runScenario(io.cucumber.testng.PickleWrapper,io.cucumber.testng.FeatureWrapper)[pri:0, instance:cucumberOptions.TestNGTestRunner@3e57cd70]" name="runScenario" class="io.cucumber.testng.AbstractTestNGCucumberTests"/>
      </group> <!-- cucumber -->
    </groups>
    <test name="Surefire test" duration-ms="12867" started-at="2022-03-23T11:19:36 IST" finished-at="2022-03-23T11:19:49 IST">
      <class name="cucumberOptions.TestNGTestRunner">
        <test-method status="PASS" signature="setUpClass(org.testng.ITestContext)[pri:0, instance:cucumberOptions.TestNGTestRunner@3e57cd70]" name="setUpClass" is-config="true" duration-ms="775" started-at="2022-03-23T11:19:36 IST" finished-at="2022-03-23T11:19:37 IST">
          <params>
            <param index="0">
              <value>
                <![CDATA[org.testng.TestRunner@7446d8d5]]>
              </value>
            </param>
          </params>
          <reporter-output>
          </reporter-output>
        </test-method> <!-- setUpClass -->
        <test-method status="PASS" signature="runScenario(io.cucumber.testng.PickleWrapper,io.cucumber.testng.FeatureWrapper)[pri:0, instance:cucumberOptions.TestNGTestRunner@3e57cd70]" name="runScenario" duration-ms="11719" started-at="2022-03-23T11:19:37 IST" description="Runs Cucumber Scenarios" data-provider="scenarios" finished-at="2022-03-23T11:19:49 IST">
          <params>
            <param index="0">
              <value>
                <![CDATA["Search Experience for product search in both home and Offers page"]]>
              </value>
            </param>
            <param index="1">
              <value>
                <![CDATA["Optional[Place the order for products]"]]>
              </value>
            </param>
          </params>
          <reporter-output>
          </reporter-output>
        </test-method> <!-- runScenario -->
        <test-method status="PASS" signature="tearDownClass()[pri:0, instance:cucumberOptions.TestNGTestRunner@3e57cd70]" name="tearDownClass" is-config="true" duration-ms="329" started-at="2022-03-23T11:19:49 IST" finished-at="2022-03-23T11:19:49 IST">
          <reporter-output>
          </reporter-output>
        </test-method> <!-- tearDownClass -->
      </class> <!-- cucumberOptions.TestNGTestRunner -->
    </test> <!-- Surefire test -->
  </suite> <!-- Surefire suite -->
</testng-results>
