<?xml version="1.0" encoding="UTF-8"?>
<!-- Generated by org.testng.reporters.JUnitXMLReporter -->
<testsuite ignored="1" hostname="DESKTOP-EQ55Q8H" failures="0" tests="4" name="Car Loan" time="0.012" errors="0" timestamp="2022-04-18T16:22:39 IST">
  <testcase classname="test.Day3" name="MobileLoginCarloan" time="0.0"/>
  <testcase classname="test.Day3" name="MobileSignInCarloan" time="0.0"/>
  <testcase classname="test.Day3" name="MobileSignOutCarloan" time="0.001"/>
  <testcase classname="test.Day3" name="WebLoginCarloan" time="0.001"/>
  <testcase classname="test.Day3" name="ApiCarLoan" time="0.0">
    <ignored/>
  </testcase> <!-- ApiCarLoan -->
</testsuite> <!-- Car Loan -->
