<?xml version="1.0" encoding="UTF-8"?>
<!-- Generated by org.testng.reporters.JUnitXMLReporter -->
<testsuite ignored="1" hostname="DESKTOP-EQ55Q8H" failures="0" tests="5" name="Personal Loan" time="0.029" errors="0" timestamp="2022-04-18T16:22:39 IST">
  <testcase classname="test.Day1" name="Demo" time="0.004"/>
  <testcase classname="test.Day2" name="Ploan" time="0.001"/>
  <testcase classname="test.Day4" name="LoginApiHomeLoan" time="0.001"/>
  <testcase classname="test.Day4" name="MobileLoginHomeloan" time="0.001"/>
  <testcase classname="test.Day4" name="WebLoginHomeloan" time="0.001"/>
  <testcase classname="test.Day1" name="SecondTest" time="0.0">
    <ignored/>
  </testcase> <!-- SecondTest -->
</testsuite> <!-- Personal Loan -->
