<?xml version="1.0" encoding="UTF-8"?>
<!-- Generated by org.testng.reporters.JUnitXMLReporter -->
<testsuite ignored="0" hostname="DESKTOP-EQ55Q8H" failures="0" tests="3" name="Default test" time="0.043" errors="0" timestamp="2022-04-18T13:43:39 IST">
  <testcase classname="test.Day4" name="LoginApiHomeLoan" time="0.005"/>
  <testcase classname="test.Day4" name="MobileLoginHomeloan" time="0.002"/>
  <testcase classname="test.Day4" name="WebLoginHomeloan" time="0.001"/>
</testsuite> <!-- Default test -->
