<?xml version="1.0" encoding="UTF-8"?>
<testng-results ignored="0" total="1" passed="1" failed="0" skipped="0">
  <reporter-output>
  </reporter-output>
  <suite started-at="2022-04-04T17:54:52 IST" name="Default suite" finished-at="2022-04-04T17:54:52 IST" duration-ms="33">
    <groups>
    </groups>
    <test started-at="2022-04-04T17:54:52 IST" name="Default test" finished-at="2022-04-04T17:54:52 IST" duration-ms="33">
      <class name="javaStream8.Test1">
        <test-method signature="streamMap()[pri:0, instance:javaStream8.Test1@5136d012]" started-at="2022-04-04T17:54:52 IST" name="streamMap" finished-at="2022-04-04T17:54:52 IST" duration-ms="9" status="PASS">
          <reporter-output>
          </reporter-output>
        </test-method> <!-- streamMap -->
      </class> <!-- javaStream8.Test1 -->
    </test> <!-- Default test -->
  </suite> <!-- Default suite -->
</testng-results>
