<?xml version="1.0" encoding="UTF-8"?>
<testng-results ignored="0" total="1" passed="1" failed="0" skipped="0">
  <reporter-output>
  </reporter-output>
  <suite started-at="2022-04-07T14:20:58 IST" name="Default suite" finished-at="2022-04-07T14:20:58 IST" duration-ms="45">
    <groups>
    </groups>
    <test started-at="2022-04-07T14:20:58 IST" name="Default test" finished-at="2022-04-07T14:20:58 IST" duration-ms="45">
      <class name="javaStream8.Test1">
        <test-method signature="streamCollect()[pri:0, instance:javaStream8.Test1@5939a379]" started-at="2022-04-07T14:20:58 IST" name="streamCollect" finished-at="2022-04-07T14:20:58 IST" duration-ms="13" status="PASS">
          <reporter-output>
          </reporter-output>
        </test-method> <!-- streamCollect -->
      </class> <!-- javaStream8.Test1 -->
    </test> <!-- Default test -->
  </suite> <!-- Default suite -->
</testng-results>
