<?xml version="1.0" encoding="UTF-8"?>
<testng-results ignored="2" total="11" passed="9" failed="0" skipped="0">
  <reporter-output>
  </reporter-output>
  <suite started-at="2022-04-18T16:22:39 IST" name="Loan Department" finished-at="2022-04-18T16:22:39 IST" duration-ms="92">
    <groups>
    </groups>
    <test started-at="2022-04-18T16:22:39 IST" name="Personal Loan" finished-at="2022-04-18T16:22:39 IST" duration-ms="29">
      <class name="test.Day1">
        <test-method signature="Demo()[pri:0, instance:test.Day1@649bec2e]" started-at="2022-04-18T16:22:39 IST" name="Demo" finished-at="2022-04-18T16:22:39 IST" duration-ms="4" status="PASS">
          <reporter-output>
          </reporter-output>
        </test-method> <!-- Demo -->
        <test-method is-config="true" signature="lastexecution()[pri:0, instance:test.Day1@649bec2e]" started-at="2022-04-18T16:22:39 IST" name="lastexecution" finished-at="2022-04-18T16:22:39 IST" duration-ms="1" status="PASS">
          <reporter-output>
          </reporter-output>
        </test-method> <!-- lastexecution -->
      </class> <!-- test.Day1 -->
      <class name="test.Day2">
        <test-method is-config="true" signature="prerequiste()[pri:0, instance:test.Day2@702b8b12]" started-at="2022-04-18T16:22:39 IST" name="prerequiste" finished-at="2022-04-18T16:22:39 IST" duration-ms="0" status="PASS">
          <reporter-output>
          </reporter-output>
        </test-method> <!-- prerequiste -->
        <test-method signature="Ploan()[pri:0, instance:test.Day2@702b8b12]" started-at="2022-04-18T16:22:39 IST" name="Ploan" finished-at="2022-04-18T16:22:39 IST" duration-ms="1" status="PASS">
          <reporter-output>
          </reporter-output>
        </test-method> <!-- Ploan -->
      </class> <!-- test.Day2 -->
      <class name="test.Day4">
        <test-method signature="LoginApiHomeLoan()[pri:0, instance:test.Day4@22e357dc]" started-at="2022-04-18T16:22:39 IST" name="LoginApiHomeLoan" finished-at="2022-04-18T16:22:39 IST" duration-ms="1" status="PASS">
          <reporter-output>
          </reporter-output>
        </test-method> <!-- LoginApiHomeLoan -->
        <test-method signature="MobileLoginHomeloan()[pri:0, instance:test.Day4@22e357dc]" started-at="2022-04-18T16:22:39 IST" name="MobileLoginHomeloan" finished-at="2022-04-18T16:22:39 IST" duration-ms="1" status="PASS">
          <reporter-output>
          </reporter-output>
        </test-method> <!-- MobileLoginHomeloan -->
        <test-method signature="WebLoginHomeloan()[pri:0, instance:test.Day4@22e357dc]" started-at="2022-04-18T16:22:39 IST" name="WebLoginHomeloan" finished-at="2022-04-18T16:22:39 IST" duration-ms="1" status="PASS">
          <reporter-output>
          </reporter-output>
        </test-method> <!-- WebLoginHomeloan -->
      </class> <!-- test.Day4 -->
    </test> <!-- Personal Loan -->
    <test started-at="2022-04-18T16:22:39 IST" name="Car Loan" finished-at="2022-04-18T16:22:39 IST" duration-ms="12">
      <class name="test.Day1">
        <test-method is-config="true" signature="Afsuite()[pri:0, instance:test.Day1@649bec2e]" started-at="2022-04-18T16:22:39 IST" name="Afsuite" finished-at="2022-04-18T16:22:39 IST" duration-ms="0" status="PASS">
          <reporter-output>
          </reporter-output>
        </test-method> <!-- Afsuite -->
      </class> <!-- test.Day1 -->
      <class name="test.Day3">
        <test-method is-config="true" signature="Bfsuite()[pri:0, instance:test.Day3@4d0f2471]" started-at="2022-04-18T16:22:39 IST" name="Bfsuite" finished-at="2022-04-18T16:22:39 IST" duration-ms="5" status="PASS">
          <reporter-output>
          </reporter-output>
        </test-method> <!-- Bfsuite -->
        <test-method is-config="true" signature="BeforeEvery()[pri:0, instance:test.Day3@4d0f2471]" started-at="2022-04-18T16:22:39 IST" name="BeforeEvery" finished-at="2022-04-18T16:22:39 IST" duration-ms="1" status="PASS">
          <reporter-output>
          </reporter-output>
        </test-method> <!-- BeforeEvery -->
        <test-method signature="MobileLoginCarloan()[pri:0, instance:test.Day3@4d0f2471]" started-at="2022-04-18T16:22:39 IST" name="MobileLoginCarloan" finished-at="2022-04-18T16:22:39 IST" duration-ms="0" status="PASS">
          <reporter-output>
          </reporter-output>
        </test-method> <!-- MobileLoginCarloan -->
        <test-method is-config="true" signature="BeforeEvery()[pri:0, instance:test.Day3@4d0f2471]" started-at="2022-04-18T16:22:39 IST" name="BeforeEvery" finished-at="2022-04-18T16:22:39 IST" duration-ms="1" status="PASS">
          <reporter-output>
          </reporter-output>
        </test-method> <!-- BeforeEvery -->
        <test-method is-config="true" signature="AfterEvery()[pri:0, instance:test.Day3@4d0f2471]" started-at="2022-04-18T16:22:39 IST" name="AfterEvery" finished-at="2022-04-18T16:22:39 IST" duration-ms="0" status="PASS">
          <reporter-output>
          </reporter-output>
        </test-method> <!-- AfterEvery -->
        <test-method signature="MobileSignInCarloan()[pri:0, instance:test.Day3@4d0f2471]" started-at="2022-04-18T16:22:39 IST" name="MobileSignInCarloan" finished-at="2022-04-18T16:22:39 IST" duration-ms="0" status="PASS">
          <reporter-output>
          </reporter-output>
        </test-method> <!-- MobileSignInCarloan -->
        <test-method is-config="true" signature="AfterEvery()[pri:0, instance:test.Day3@4d0f2471]" started-at="2022-04-18T16:22:39 IST" name="AfterEvery" finished-at="2022-04-18T16:22:39 IST" duration-ms="1" status="PASS">
          <reporter-output>
          </reporter-output>
        </test-method> <!-- AfterEvery -->
        <test-method is-config="true" signature="BeforeEvery()[pri:0, instance:test.Day3@4d0f2471]" started-at="2022-04-18T16:22:39 IST" name="BeforeEvery" finished-at="2022-04-18T16:22:39 IST" duration-ms="1" status="PASS">
          <reporter-output>
          </reporter-output>
        </test-method> <!-- BeforeEvery -->
        <test-method signature="MobileSignOutCarloan()[pri:0, instance:test.Day3@4d0f2471]" started-at="2022-04-18T16:22:39 IST" name="MobileSignOutCarloan" finished-at="2022-04-18T16:22:39 IST" duration-ms="1" status="PASS">
          <reporter-output>
          </reporter-output>
        </test-method> <!-- MobileSignOutCarloan -->
        <test-method is-config="true" signature="BeforeEvery()[pri:0, instance:test.Day3@4d0f2471]" started-at="2022-04-18T16:22:39 IST" name="BeforeEvery" finished-at="2022-04-18T16:22:39 IST" duration-ms="0" status="PASS">
          <reporter-output>
          </reporter-output>
        </test-method> <!-- BeforeEvery -->
        <test-method is-config="true" signature="AfterEvery()[pri:0, instance:test.Day3@4d0f2471]" started-at="2022-04-18T16:22:39 IST" name="AfterEvery" finished-at="2022-04-18T16:22:39 IST" duration-ms="0" status="PASS">
          <reporter-output>
          </reporter-output>
        </test-method> <!-- AfterEvery -->
        <test-method signature="WebLoginCarloan()[pri:0, instance:test.Day3@4d0f2471]" started-at="2022-04-18T16:22:39 IST" name="WebLoginCarloan" finished-at="2022-04-18T16:22:39 IST" duration-ms="1" status="PASS">
          <reporter-output>
          </reporter-output>
        </test-method> <!-- WebLoginCarloan -->
        <test-method is-config="true" signature="AfterEvery()[pri:0, instance:test.Day3@4d0f2471]" started-at="2022-04-18T16:22:39 IST" name="AfterEvery" finished-at="2022-04-18T16:22:39 IST" duration-ms="0" status="PASS">
          <reporter-output>
          </reporter-output>
        </test-method> <!-- AfterEvery -->
      </class> <!-- test.Day3 -->
    </test> <!-- Car Loan -->
  </suite> <!-- Loan Department -->
</testng-results>
